<?xml version="1.0" encoding="UTF-8"?>
<testsuite name="BrainTest" tests="2" skipped="0" failures="0" errors="0" timestamp="2021-10-07T20:38:15" hostname="st-24wilberev" time="0.039">
  <properties/>
  <testcase name="isHasFrontalLobe()" classname="BrainTest" time="0.035"/>
  <testcase name="setHasFrontalLobe()" classname="BrainTest" time="0.002"/>
  <system-out><![CDATA[]]></system-out>
  <system-err><![CDATA[]]></system-err>
</testsuite>
