<?xml version="1.0" encoding="UTF-8"?>
<testsuite name="BrainTest" tests="2" skipped="0" failures="0" errors="0" timestamp="2021-10-06T23:29:35" hostname="st-24wilberev" time="0.049">
  <properties/>
  <testcase name="isHasFrontalLobe()" classname="BrainTest" time="0.045"/>
  <testcase name="setHasFrontalLobe()" classname="BrainTest" time="0.003"/>
  <system-out><![CDATA[]]></system-out>
  <system-err><![CDATA[]]></system-err>
</testsuite>
